<?xml version="1.0" encoding="UTF-8"?>
<testng-results ignored="0" total="4" passed="4" failed="0" skipped="0">
  <reporter-output>
  </reporter-output>
  <suite started-at="2024-10-14T12:37:26 IST" name="Ecom Suite" finished-at="2024-10-14T12:38:09 IST" duration-ms="43204">
    <groups>
    </groups>
    <test started-at="2024-10-14T12:37:26 IST" name="ValidationsTests" finished-at="2024-10-14T12:37:34 IST" duration-ms="8215">
      <class name="vedant.test.Validations">
        <test-method is-config="true" signature="launchApplication()[pri:0, instance:vedant.test.Validations@35229f85]" started-at="2024-10-14T12:37:26 IST" name="launchApplication" finished-at="2024-10-14T12:37:32 IST" duration-ms="6586" status="PASS">
          <reporter-output>
          </reporter-output>
        </test-method> <!-- launchApplication -->
        <test-method signature="errorValidation()[pri:0, instance:vedant.test.Validations@35229f85]" started-at="2024-10-14T12:37:32 IST" name="errorValidation" finished-at="2024-10-14T12:37:33 IST" duration-ms="1085" status="PASS">
          <reporter-output>
          </reporter-output>
        </test-method> <!-- errorValidation -->
        <test-method is-config="true" signature="tearDown()[pri:0, instance:vedant.test.Validations@35229f85]" started-at="2024-10-14T12:37:33 IST" name="tearDown" finished-at="2024-10-14T12:37:34 IST" duration-ms="457" status="PASS">
          <reporter-output>
          </reporter-output>
        </test-method> <!-- tearDown -->
      </class> <!-- vedant.test.Validations -->
    </test> <!-- ValidationsTests -->
    <test started-at="2024-10-14T12:37:26 IST" name="StandAloneTests" finished-at="2024-10-14T12:38:09 IST" duration-ms="43204">
      <class name="vedant.test.Testing">
        <test-method is-config="true" signature="launchApplication()[pri:0, instance:vedant.test.Testing@3a5ecce3]" started-at="2024-10-14T12:37:26 IST" name="launchApplication" finished-at="2024-10-14T12:37:32 IST" duration-ms="6063" status="PASS">
          <reporter-output>
          </reporter-output>
        </test-method> <!-- launchApplication -->
        <test-method signature="standAloneTest(java.util.HashMap)[pri:0, instance:vedant.test.Testing@3a5ecce3]" started-at="2024-10-14T12:37:32 IST" name="standAloneTest" data-provider="getData" finished-at="2024-10-14T12:37:45 IST" duration-ms="12309" status="PASS">
          <params>
            <param index="0">
              <value>
                <![CDATA[{password=[Ljava.lang.String;@6fee9399, username=[Ljava.lang.String;@180bf770, products=[Ljava.lang.String;@1c9c6520}]]>
              </value>
            </param>
          </params>
          <reporter-output>
          </reporter-output>
        </test-method> <!-- standAloneTest -->
        <test-method is-config="true" signature="tearDown()[pri:0, instance:vedant.test.Testing@3a5ecce3]" started-at="2024-10-14T12:37:45 IST" name="tearDown" finished-at="2024-10-14T12:37:45 IST" duration-ms="170" status="PASS">
          <reporter-output>
          </reporter-output>
        </test-method> <!-- tearDown -->
        <test-method is-config="true" signature="launchApplication()[pri:0, instance:vedant.test.Testing@3a5ecce3]" started-at="2024-10-14T12:37:45 IST" name="launchApplication" finished-at="2024-10-14T12:37:48 IST" duration-ms="3558" status="PASS">
          <reporter-output>
          </reporter-output>
        </test-method> <!-- launchApplication -->
        <test-method signature="standAloneTest(java.util.HashMap)[pri:0, instance:vedant.test.Testing@3a5ecce3]" started-at="2024-10-14T12:37:48 IST" name="standAloneTest" data-provider="getData" finished-at="2024-10-14T12:38:00 IST" duration-ms="12150" status="PASS">
          <params>
            <param index="0">
              <value>
                <![CDATA[{password=[Ljava.lang.String;@4350d38b, username=[Ljava.lang.String;@418ffeea, products=[Ljava.lang.String;@2a218231}]]>
              </value>
            </param>
          </params>
          <reporter-output>
          </reporter-output>
        </test-method> <!-- standAloneTest -->
        <test-method is-config="true" signature="tearDown()[pri:0, instance:vedant.test.Testing@3a5ecce3]" started-at="2024-10-14T12:38:00 IST" name="tearDown" finished-at="2024-10-14T12:38:01 IST" duration-ms="184" status="PASS">
          <reporter-output>
          </reporter-output>
        </test-method> <!-- tearDown -->
        <test-method is-config="true" signature="launchApplication()[pri:0, instance:vedant.test.Testing@3a5ecce3]" started-at="2024-10-14T12:38:01 IST" name="launchApplication" finished-at="2024-10-14T12:38:02 IST" duration-ms="1684" status="PASS">
          <reporter-output>
          </reporter-output>
        </test-method> <!-- launchApplication -->
        <test-method signature="productsDeletion()[pri:0, instance:vedant.test.Testing@3a5ecce3]" started-at="2024-10-14T12:38:02 IST" name="productsDeletion" finished-at="2024-10-14T12:38:09 IST" depends-on-methods="vedant.test.Testing.standAloneTest" duration-ms="6279" status="PASS">
          <reporter-output>
          </reporter-output>
        </test-method> <!-- productsDeletion -->
        <test-method is-config="true" signature="tearDown()[pri:0, instance:vedant.test.Testing@3a5ecce3]" started-at="2024-10-14T12:38:09 IST" name="tearDown" finished-at="2024-10-14T12:38:09 IST" duration-ms="140" status="PASS">
          <reporter-output>
          </reporter-output>
        </test-method> <!-- tearDown -->
      </class> <!-- vedant.test.Testing -->
    </test> <!-- StandAloneTests -->
  </suite> <!-- Ecom Suite -->
</testng-results>
