<?xml version="1.0" encoding="UTF-8"?>
<!-- Generated by org.testng.reporters.JUnitXMLReporter -->
<testsuite ignored="0" hostname="VEDANT" failures="0" tests="3" name="StandAloneTests" time="43.204" errors="0" timestamp="2024-10-14T12:38:09 IST">
  <testcase classname="vedant.test.Testing" name="standAloneTest" time="12.309"/>
  <testcase classname="vedant.test.Testing" name="standAloneTest" time="12.15"/>
  <testcase classname="vedant.test.Testing" name="productsDeletion" time="6.279"/>
</testsuite> <!-- StandAloneTests -->
